# JRE version: OpenJDK Runtime Environment (17.0.6) (build 17.0.6+0-b2043.56-9586694)
# Java VM: OpenJDK 64-Bit Server VM (17.0.6+0-b2043.56-9586694, mixed mode, tiered, compressed oops, compressed class ptrs, g1 gc, windows-amd64)
GC Precious Log:
 CPUs: 8 total, 8 available
 Memory: 6005M
 Large Page Support: Disabled
 NUMA Support: Disabled
 Compressed Oops: Enabled (Zero based)
 Heap Region Size: 4M
 Heap Min Capacity: 8M
 Heap Initial Capacity: 96M
 Heap Max Capacity: 4608M
 Pre-touch: Disabled
 Parallel Workers: 8
 Concurrent Workers: 2
 Concurrent Refinement Workers: 8
 Periodic GC: Disabled
Heap:
 garbage-first heap   total 110592K, used 60396K [0x00000006e0000000, 0x0000000800000000)
  region size 4096K, 1 young (4096K), 1 survivors (4096K)
 Metaspace       used 32058K, committed 32448K, reserved 1081344K
  class space    used 4416K, committed 4608K, reserved 1048576K
GC Heap History (19 events):
Event: 1.978 GC heap before
{Heap before GC invocations=0 (full 0):
 garbage-first heap   total 98304K, used 24576K [0x00000006e0000000, 0x0000000800000000)
  region size 4096K, 5 young (20480K), 0 survivors (0K)
 Metaspace       used 10023K, committed 10176K, reserved 1064960K
  class space    used 1023K, committed 1088K, reserved 1048576K
}
Event: 2.107 GC heap after
{Heap after GC invocations=1 (full 0):
 garbage-first heap   total 98304K, used 9837K [0x00000006e0000000, 0x0000000800000000)
  region size 4096K, 1 young (4096K), 1 survivors (4096K)
 Metaspace       used 10023K, committed 10176K, reserved 1064960K
  class space    used 1023K, committed 1088K, reserved 1048576K
}
Event: 3.470 GC heap before
{Heap before GC invocations=1 (full 0):
 garbage-first heap   total 98304K, used 18029K [0x00000006e0000000, 0x0000000800000000)
  region size 4096K, 3 young (12288K), 1 survivors (4096K)
 Metaspace       used 11099K, committed 11200K, reserved 1064960K
  class space    used 1164K, committed 1216K, reserved 1048576K
}
Event: 3.474 GC heap after
{Heap after GC invocations=2 (full 0):
 garbage-first heap   total 98304K, used 10665K [0x00000006e0000000, 0x0000000800000000)
  region size 4096K, 1 young (4096K), 1 survivors (4096K)
 Metaspace       used 11099K, committed 11200K, reserved 1064960K
  class space    used 1164K, committed 1216K, reserved 1048576K
}
Event: 8.357 GC heap before
{Heap before GC invocations=2 (full 0):
 garbage-first heap   total 98304K, used 39337K [0x00000006e0000000, 0x0000000800000000)
  region size 4096K, 9 young (36864K), 1 survivors (4096K)
 Metaspace       used 11578K, committed 11776K, reserved 1064960K
  class space    used 1253K, committed 1344K, reserved 1048576K
}
Event: 8.362 GC heap after
{Heap after GC invocations=3 (full 0):
 garbage-first heap   total 98304K, used 14738K [0x00000006e0000000, 0x0000000800000000)
  region size 4096K, 2 young (8192K), 2 survivors (8192K)
 Metaspace       used 11578K, committed 11776K, reserved 1064960K
  class space    used 1253K, committed 1344K, reserved 1048576K
}
Event: 12.820 GC heap before
{Heap before GC invocations=3 (full 0):
 garbage-first heap   total 98304K, used 39314K [0x00000006e0000000, 0x0000000800000000)
  region size 4096K, 10 young (40960K), 2 survivors (8192K)
 Metaspace       used 21246K, committed 21504K, reserved 1073152K
  class space    used 2564K, committed 2688K, reserved 1048576K
}
Event: 12.825 GC heap after
{Heap after GC invocations=4 (full 0):
 garbage-first heap   total 98304K, used 18191K [0x00000006e0000000, 0x0000000800000000)
  region size 4096K, 1 young (4096K), 1 survivors (4096K)
 Metaspace       used 21246K, committed 21504K, reserved 1073152K
  class space    used 2564K, committed 2688K, reserved 1048576K
}
Event: 14.804 GC heap before
{Heap before GC invocations=5 (full 0):
 garbage-first heap   total 81920K, used 63247K [0x00000006e0000000, 0x0000000800000000)
  region size 4096K, 12 young (49152K), 1 survivors (4096K)
 Metaspace       used 28305K, committed 28672K, reserved 1081344K
  class space    used 3795K, committed 3968K, reserved 1048576K
}
Event: 14.808 GC heap after
{Heap after GC invocations=6 (full 0):
 garbage-first heap   total 81920K, used 21034K [0x00000006e0000000, 0x0000000800000000)
  region size 4096K, 2 young (8192K), 2 survivors (8192K)
 Metaspace       used 28305K, committed 28672K, reserved 1081344K
  class space    used 3795K, committed 3968K, reserved 1048576K
}
Event: 15.783 GC heap before
{Heap before GC invocations=6 (full 0):
 garbage-first heap   total 81920K, used 25130K [0x00000006e0000000, 0x0000000800000000)
  region size 4096K, 3 young (12288K), 2 survivors (8192K)
 Metaspace       used 29169K, committed 29504K, reserved 1081344K
  class space    used 3949K, committed 4096K, reserved 1048576K
}
Event: 15.787 GC heap after
{Heap after GC invocations=7 (full 0):
 garbage-first heap   total 81920K, used 21603K [0x00000006e0000000, 0x0000000800000000)
  region size 4096K, 1 young (4096K), 1 survivors (4096K)
 Metaspace       used 29169K, committed 29504K, reserved 1081344K
  class space    used 3949K, committed 4096K, reserved 1048576K
}
Event: 17.487 GC heap before
{Heap before GC invocations=7 (full 0):
 garbage-first heap   total 81920K, used 37987K [0x00000006e0000000, 0x0000000800000000)
  region size 4096K, 4 young (16384K), 1 survivors (4096K)
 Metaspace       used 29521K, committed 29888K, reserved 1081344K
  class space    used 3994K, committed 4160K, reserved 1048576K
}
Event: 17.489 GC heap after
{Heap after GC invocations=8 (full 0):
 garbage-first heap   total 81920K, used 40415K [0x00000006e0000000, 0x0000000800000000)
  region size 4096K, 1 young (4096K), 1 survivors (4096K)
 Metaspace       used 29521K, committed 29888K, reserved 1081344K
  class space    used 3994K, committed 4160K, reserved 1048576K
}
Event: 17.526 GC heap before
{Heap before GC invocations=8 (full 0):
 garbage-first heap   total 81920K, used 52703K [0x00000006e0000000, 0x0000000800000000)
  region size 4096K, 2 young (8192K), 1 survivors (4096K)
 Metaspace       used 29526K, committed 29888K, reserved 1081344K
  class space    used 3994K, committed 4160K, reserved 1048576K
}
Event: 17.528 GC heap after
{Heap after GC invocations=9 (full 0):
 garbage-first heap   total 81920K, used 53521K [0x00000006e0000000, 0x0000000800000000)
  region size 4096K, 1 young (4096K), 1 survivors (4096K)
 Metaspace       used 29526K, committed 29888K, reserved 1081344K
  class space    used 3994K, committed 4160K, reserved 1048576K
}
Event: 17.620 GC heap before
{Heap before GC invocations=10 (full 0):
 garbage-first heap   total 110592K, used 61713K [0x00000006e0000000, 0x0000000800000000)
  region size 4096K, 2 young (8192K), 1 survivors (4096K)
 Metaspace       used 29852K, committed 30208K, reserved 1081344K
  class space    used 4061K, committed 4224K, reserved 1048576K
}
Event: 17.622 GC heap after
{Heap after GC invocations=11 (full 0):
 garbage-first heap   total 110592K, used 58823K [0x00000006e0000000, 0x0000000800000000)
  region size 4096K, 1 young (4096K), 1 survivors (4096K)
 Metaspace       used 29852K, committed 30208K, reserved 1081344K
  class space    used 4061K, committed 4224K, reserved 1048576K
}
Event: 17.872 GC heap before
{Heap before GC invocations=11 (full 0):
 garbage-first heap   total 110592K, used 75207K [0x00000006e0000000, 0x0000000800000000)
  region size 4096K, 5 young (20480K), 1 survivors (4096K)
 Metaspace       used 32058K, committed 32448K, reserved 1081344K
  class space    used 4416K, committed 4608K, reserved 1048576K
}

