# JRE version: OpenJDK Runtime Environment (17.0.6) (build 17.0.6+0-b2043.56-9586694)
# Java VM: OpenJDK 64-Bit Server VM (17.0.6+0-b2043.56-9586694, mixed mode, tiered, compressed oops, compressed class ptrs, g1 gc, windows-amd64)
GC Precious Log:
 CPUs: 8 total, 8 available
 Memory: 6005M
 Large Page Support: Disabled
 NUMA Support: Disabled
 Compressed Oops: Enabled (Zero based)
 Heap Region Size: 4M
 Heap Min Capacity: 8M
 Heap Initial Capacity: 96M
 Heap Max Capacity: 4608M
 Pre-touch: Disabled
 Parallel Workers: 8
 Concurrent Workers: 2
 Concurrent Refinement Workers: 8
 Periodic GC: Disabled
Heap:
 garbage-first heap   total 905216K, used 293666K [0x00000006e0000000, 0x0000000800000000)
  region size 4096K, 1 young (4096K), 1 survivors (4096K)
 Metaspace       used 128399K, committed 129344K, reserved 1163264K
  class space    used 16702K, committed 17152K, reserved 1048576K
GC Heap History (20 events):
Event: 215.068 GC heap after
{Heap after GC invocations=101 (full 0):
 garbage-first heap   total 602112K, used 230633K [0x00000006e0000000, 0x0000000800000000)
  region size 4096K, 4 young (16384K), 4 survivors (16384K)
 Metaspace       used 114515K, committed 115392K, reserved 1155072K
  class space    used 15001K, committed 15424K, reserved 1048576K
}
Event: 377.980 GC heap before
{Heap before GC invocations=101 (full 0):
 garbage-first heap   total 602112K, used 496873K [0x00000006e0000000, 0x0000000800000000)
  region size 4096K, 69 young (282624K), 4 survivors (16384K)
 Metaspace       used 122435K, committed 123392K, reserved 1163264K
  class space    used 16026K, committed 16448K, reserved 1048576K
}
Event: 379.074 GC heap after
{Heap after GC invocations=102 (full 0):
 garbage-first heap   total 602112K, used 251569K [0x00000006e0000000, 0x0000000800000000)
  region size 4096K, 9 young (36864K), 9 survivors (36864K)
 Metaspace       used 122435K, committed 123392K, reserved 1163264K
  class space    used 16026K, committed 16448K, reserved 1048576K
}
Event: 379.267 GC heap before
{Heap before GC invocations=102 (full 0):
 garbage-first heap   total 602112K, used 255665K [0x00000006e0000000, 0x0000000800000000)
  region size 4096K, 10 young (40960K), 9 survivors (36864K)
 Metaspace       used 122448K, committed 123392K, reserved 1163264K
  class space    used 16026K, committed 16448K, reserved 1048576K
}
Event: 379.957 GC heap after
{Heap after GC invocations=103 (full 0):
 garbage-first heap   total 602112K, used 255212K [0x00000006e0000000, 0x0000000800000000)
  region size 4096K, 2 young (8192K), 2 survivors (8192K)
 Metaspace       used 122448K, committed 123392K, reserved 1163264K
  class space    used 16026K, committed 16448K, reserved 1048576K
}
Event: 380.850 GC heap before
{Heap before GC invocations=103 (full 0):
 garbage-first heap   total 602112K, used 275692K [0x00000006e0000000, 0x0000000800000000)
  region size 4096K, 7 young (28672K), 2 survivors (8192K)
 Metaspace       used 122454K, committed 123392K, reserved 1163264K
  class space    used 16027K, committed 16448K, reserved 1048576K
}
Event: 380.855 GC heap after
{Heap after GC invocations=104 (full 0):
 garbage-first heap   total 602112K, used 251320K [0x00000006e0000000, 0x0000000800000000)
  region size 4096K, 1 young (4096K), 1 survivors (4096K)
 Metaspace       used 122454K, committed 123392K, reserved 1163264K
  class space    used 16027K, committed 16448K, reserved 1048576K
}
Event: 394.648 GC heap before
{Heap before GC invocations=104 (full 0):
 garbage-first heap   total 602112K, used 345528K [0x00000006e0000000, 0x0000000800000000)
  region size 4096K, 24 young (98304K), 1 survivors (4096K)
 Metaspace       used 125436K, committed 126464K, reserved 1163264K
  class space    used 16369K, committed 16832K, reserved 1048576K
}
Event: 394.823 GC heap after
{Heap after GC invocations=105 (full 0):
 garbage-first heap   total 602112K, used 256790K [0x00000006e0000000, 0x0000000800000000)
  region size 4096K, 2 young (8192K), 2 survivors (8192K)
 Metaspace       used 125436K, committed 126464K, reserved 1163264K
  class space    used 16369K, committed 16832K, reserved 1048576K
}
Event: 402.257 GC heap before
{Heap before GC invocations=105 (full 0):
 garbage-first heap   total 602112K, used 293654K [0x00000006e0000000, 0x0000000800000000)
  region size 4096K, 12 young (49152K), 2 survivors (8192K)
 Metaspace       used 125511K, committed 126528K, reserved 1163264K
  class space    used 16370K, committed 16832K, reserved 1048576K
}
Event: 402.362 GC heap after
{Heap after GC invocations=106 (full 0):
 garbage-first heap   total 602112K, used 270646K [0x00000006e0000000, 0x0000000800000000)
  region size 4096K, 2 young (8192K), 2 survivors (8192K)
 Metaspace       used 125511K, committed 126528K, reserved 1163264K
  class space    used 16370K, committed 16832K, reserved 1048576K
}
Event: 402.796 GC heap before
{Heap before GC invocations=106 (full 0):
 garbage-first heap   total 602112K, used 291126K [0x00000006e0000000, 0x0000000800000000)
  region size 4096K, 7 young (28672K), 2 survivors (8192K)
 Metaspace       used 125518K, committed 126528K, reserved 1163264K
  class space    used 16370K, committed 16832K, reserved 1048576K
}
Event: 402.853 GC heap after
{Heap after GC invocations=107 (full 0):
 garbage-first heap   total 602112K, used 283025K [0x00000006e0000000, 0x0000000800000000)
  region size 4096K, 1 young (4096K), 1 survivors (4096K)
 Metaspace       used 125518K, committed 126528K, reserved 1163264K
  class space    used 16370K, committed 16832K, reserved 1048576K
}
Event: 404.154 GC heap before
{Heap before GC invocations=107 (full 0):
 garbage-first heap   total 602112K, used 307601K [0x00000006e0000000, 0x0000000800000000)
  region size 4096K, 7 young (28672K), 1 survivors (4096K)
 Metaspace       used 125815K, committed 126784K, reserved 1163264K
  class space    used 16398K, committed 16832K, reserved 1048576K
}
Event: 404.185 GC heap after
{Heap after GC invocations=108 (full 0):
 garbage-first heap   total 602112K, used 291301K [0x00000006e0000000, 0x0000000800000000)
  region size 4096K, 1 young (4096K), 1 survivors (4096K)
 Metaspace       used 125815K, committed 126784K, reserved 1163264K
  class space    used 16398K, committed 16832K, reserved 1048576K
}
Event: 404.950 GC heap before
{Heap before GC invocations=108 (full 0):
 garbage-first heap   total 602112K, used 319973K [0x00000006e0000000, 0x0000000800000000)
  region size 4096K, 9 young (36864K), 1 survivors (4096K)
 Metaspace       used 126075K, committed 127040K, reserved 1163264K
  class space    used 16417K, committed 16832K, reserved 1048576K
}
Event: 404.966 GC heap after
{Heap after GC invocations=109 (full 0):
 garbage-first heap   total 602112K, used 297106K [0x00000006e0000000, 0x0000000800000000)
  region size 4096K, 2 young (8192K), 2 survivors (8192K)
 Metaspace       used 126075K, committed 127040K, reserved 1163264K
  class space    used 16417K, committed 16832K, reserved 1048576K
}
Event: 405.961 GC heap before
{Heap before GC invocations=110 (full 0):
 garbage-first heap   total 602112K, used 321682K [0x00000006e0000000, 0x0000000800000000)
  region size 4096K, 8 young (32768K), 2 survivors (8192K)
 Metaspace       used 128174K, committed 129152K, reserved 1163264K
  class space    used 16688K, committed 17152K, reserved 1048576K
}
Event: 405.977 GC heap after
{Heap after GC invocations=111 (full 0):
 garbage-first heap   total 602112K, used 301006K [0x00000006e0000000, 0x0000000800000000)
  region size 4096K, 1 young (4096K), 1 survivors (4096K)
 Metaspace       used 128174K, committed 129152K, reserved 1163264K
  class space    used 16688K, committed 17152K, reserved 1048576K
}
Event: 406.394 GC heap before
{Heap before GC invocations=111 (full 0):
 garbage-first heap   total 602112K, used 321486K [0x00000006e0000000, 0x0000000800000000)
  region size 4096K, 7 young (28672K), 1 survivors (4096K)
 Metaspace       used 128399K, committed 129344K, reserved 1163264K
  class space    used 16702K, committed 17152K, reserved 1048576K
}

